0 info it worked if it ends with ok
1 verbose cli [ 'C:\\Program Files\\nodejs\\node.exe',
1 verbose cli   'C:\\Users\\Thomas\\AppData\\Roaming\\npm\\node_modules\\npm\\bin\\npm-cli.js',
1 verbose cli   'publish',
1 verbose cli   './' ]
2 info using npm@3.3.10
3 info using node@v4.1.1
4 verbose publish [ './' ]
5 verbose stack Error: Failed to parse json
5 verbose stack Trailing comma in object at 20:1
5 verbose stack }
5 verbose stack ^
5 verbose stack     at parseError (C:\Users\Thomas\AppData\Roaming\npm\node_modules\npm\node_modules\read-package-json\read-json.js:379:11)
5 verbose stack     at parseJson (C:\Users\Thomas\AppData\Roaming\npm\node_modules\npm\node_modules\read-package-json\read-json.js:68:23)
5 verbose stack     at C:\Users\Thomas\AppData\Roaming\npm\node_modules\npm\node_modules\read-package-json\read-json.js:48:5
5 verbose stack     at C:\Users\Thomas\AppData\Roaming\npm\node_modules\npm\node_modules\graceful-fs\graceful-fs.js:76:16
5 verbose stack     at FSReqWrap.readFileAfterClose [as oncomplete] (fs.js:380:3)
6 verbose cwd C:\Users\Thomas\Desktop\tm-autoload
7 error Windows_NT 10.0.10240
8 error argv "C:\\Program Files\\nodejs\\node.exe" "C:\\Users\\Thomas\\AppData\\Roaming\\npm\\node_modules\\npm\\bin\\npm-cli.js" "publish" "./"
9 error node v4.1.1
10 error npm  v3.3.10
11 error file C:\Users\Thomas\Desktop\tm-autoload\package.json
12 error code EJSONPARSE
13 error Failed to parse json
13 error Trailing comma in object at 20:1
13 error }
13 error ^
14 error File: C:\Users\Thomas\Desktop\tm-autoload\package.json
15 error Failed to parse package.json data.
15 error package.json must be actual JSON, not just JavaScript.
15 error
15 error This is not a bug in npm.
15 error Tell the package author to fix their package.json file. JSON.parse
16 verbose exit [ 1, true ]
